<?xml version="1.0" encoding="UTF-8"?>
<!-- Generated by org.testng.reporters.JUnitReportReporter -->
<testsuite skipped="0" hostname="LTMX-5CD0442MY9" name="com.pruebaoctane.selenium.pruebaoctaneselenium.AuthRequest" tests="1" failures="0" timestamp="2022-01-12T17:35:39 CST" time="2.460" errors="0">
  <testcase name="AutorizationUserRequest" time="2.460" classname="com.pruebaoctane.selenium.pruebaoctaneselenium.AuthRequest"/>
  <system-out/>
</testsuite> <!-- com.pruebaoctane.selenium.pruebaoctaneselenium.AuthRequest -->
